2025-09-10 01:35:24 | INFO | Processed JSON message: {'message': 'Streaming data is fun.', 'author': 'Diana'}
or': 'Diana'}
2025-09-10 01:35:24 | INFO | Message received from author: Diana
2025-09-10 01:35:24 | INFO | Updated author counts: {'Eve': 1592, 'Alice': 2250, 'Charlie': 1411, 'Diana': 2531, 'Bob': 1594}
2025-09-10 01:35:25 | INFO | Sent message to topic 'buzzline_json': {'message': 'Data engineering is my passion.', 'author': 'Eve'}
2025-09-10 01:35:25 | INFO | Processed JSON message: {'message': 'Data engineering is my passion.', 'author': 'Eve'}
2025-09-10 01:35:25 | INFO | Message received from author: Eve
2025-09-10 01:35:25 | INFO | Updated author counts: {'Eve': 1593, 'Alice': 2250, 'Charlie': 1411, 'Diana': 2531, 'Bob': 1594}
2025-09-10 01:35:26 | INFO | Sent message to topic 'buzzline_json': {'message': 'Buzz messages for everyone.', 'author': 'Eve'}
2025-09-10 01:35:26 | INFO | Processed JSON message: {'message': 'Buzz messages for everyone.', 'author': 'Eve'}
2025-09-10 01:35:26 | INFO | Message received from author: Eve
2025-09-10 01:35:26 | INFO | Updated author counts: {'Eve': 1594, 'Alice': 2250, 'Charlie': 1411, 'Diana': 2531, 'Bob': 1594}
2025-09-10 01:35:27 | INFO | Sent message to topic 'buzzline_json': {'message': 'JSON makes life easier.', 'author': 'Eve'}
2025-09-10 01:35:27 | INFO | Processed JSON message: {'message': 'JSON makes life easier.', 'author': 'Eve'}
2025-09-10 01:35:27 | INFO | Message received from author: Eve
2025-09-10 01:35:27 | INFO | Updated author counts: {'Eve': 1595, 'Alice': 2250, 'Charlie': 1411, 'Diana': 2531, 'Bob': 1594}
2025-09-10 01:35:28 | INFO | Sent message to topic 'buzzline_json': {'message': 'Have a great day!', 'author': 'Alice'}
2025-09-10 01:35:28 | INFO | Processed JSON message: {'message': 'Have a great day!', 'author': 'Alice'}
2025-09-10 01:35:28 | INFO | Message received from author: Alice
2025-09-10 01:35:28 | INFO | Updated author counts: {'Eve': 1595, 'Alice': 2251, 'Charlie': 1411, 'Diana': 2531, 'Bob': 1594}
2025-09-10 01:35:28 | INFO | Sent message to topic 'smoker_csv': {'timestamp': '2025-09-10T06:35:28.893771', 'temperature': 142.2}
2025-09-10 01:35:28 | INFO | Processed JSON message: {'timestamp': '2025-09-10T06:35:28.893771', 'temperature': 142.2}
2025-09-10 01:35:28 | INFO | Rolling window size: 10
2025-09-10 01:35:28 | INFO | Max stall temperature range: 0.2 F
2025-09-10 01:35:29 | INFO | Sent message to topic 'buzzline_json': {'message': 'I love Python!', 'author': 'Bob'}
2025-09-10 01:35:29 | INFO | Processed JSON message: {'message': 'I love Python!', 'author': 'Bob'}
2025-09-10 01:35:29 | INFO | Message received from author: Bob
2025-09-10 01:35:29 | INFO | Updated author counts: {'Eve': 1595, 'Alice': 2251, 'Charlie': 1411, 'Diana': 2531, 'Bob': 1595}
2025-09-10 01:35:30 | INFO | Sent message to topic 'buzzline_json': {'message': 'I love Python!', 'author': 'Bob'}
2025-09-10 01:35:30 | INFO | Processed JSON message: {'message': 'I love Python!', 'author': 'Bob'}
2025-09-10 01:35:30 | INFO | Message received from author: Bob
2025-09-10 01:35:30 | INFO | Updated author counts: {'Eve': 1595, 'Alice': 2251, 'Charlie': 1411, 'Diana': 2531, 'Bob': 1596}
2025-09-10 01:35:31 | INFO | Sent message to topic 'buzzline_json': {'message': 'This is a buzz message.', 'author': 'Eve'}
2025-09-10 01:35:31 | INFO | Processed JSON message: {'message': 'This is a buzz message.', 'author': 'Eve'}
2025-09-10 01:35:31 | INFO | Message received from author: Eve
2025-09-10 01:35:31 | INFO | Updated author counts: {'Eve': 1596, 'Alice': 2251, 'Charlie': 1411, 'Diana': 2531, 'Bob': 1596}
2025-09-10 01:35:32 | INFO | Sent message to topic 'buzzline_json': {'message': 'This is a buzz message.', 'author': 'Alice'}
2025-09-10 01:35:32 | INFO | Processed JSON message: {'message': 'This is a buzz message.', 'author': 'Alice'}
2025-09-10 01:35:32 | INFO | Message received from author: Alice
2025-09-10 01:35:32 | INFO | Updated author counts: {'Eve': 1596, 'Alice': 2252, 'Charlie': 1411, 'Diana': 2531, 'Bob': 1596}
2025-09-10 01:35:33 | INFO | Sent message to topic 'buzzline_json': {'message': 'Distributed systems are fascinating.', 'author': 'Diana'}
2025-09-10 01:35:33 | INFO | Processed JSON message: {'message': 'Distributed systems are fascinating.', 'author': 'Diana'}
2025-09-10 01:35:33 | INFO | Message received from author: Diana
2025-09-10 01:35:33 | INFO | Updated author counts: {'Eve': 1596, 'Alice': 2252, 'Charlie': 1411, 'Diana': 2532, 'Bob': 1596}
2025-09-10 01:35:33 | INFO | Sent message to topic 'smoker_csv': {'timestamp': '2025-09-10T06:35:33.895430', 'temperature': 142.0}
2025-09-10 01:35:33 | INFO | Processed JSON message: {'timestamp': '2025-09-10T06:35:33.895430', 'temperature': 142.0}
2025-09-10 01:35:33 | INFO | Rolling window size: 10
2025-09-10 01:35:33 | INFO | Max stall temperature range: 0.2 F
2025-09-10 01:35:34 | INFO | Sent message to topic 'buzzline_json': {'message': 'Streaming data is fun.', 'author': 'Eve'}
2025-09-10 01:35:34 | INFO | Processed JSON message: {'message': 'Streaming data is fun.', 'author': 'Eve'}
2025-09-10 01:35:34 | INFO | Message received from author: Eve
2025-09-10 01:35:34 | INFO | Updated author counts: {'Eve': 1597, 'Alice': 2252, 'Charlie': 1411, 'Diana': 2532, 'Bob': 1596}
2025-09-10 01:35:35 | INFO | Sent message to topic 'buzzline_json': {'message': 'Have a great day!', 'author': 'Charlie'}
2025-09-10 01:35:35 | INFO | Processed JSON message: {'message': 'Have a great day!', 'author': 'Charlie'}
2025-09-10 01:35:35 | INFO | Message received from author: Charlie
2025-09-10 01:35:35 | INFO | Updated author counts: {'Eve': 1597, 'Alice': 2252, 'Charlie': 1412, 'Diana': 2532, 'Bob': 1596}
2025-09-10 01:35:36 | INFO | Sent message to topic 'buzzline_json': {'message': 'JSON makes life easier.', 'author': 'Eve'}
2025-09-10 01:35:36 | INFO | Processed JSON message: {'message': 'JSON makes life easier.', 'author': 'Eve'}
2025-09-10 01:35:36 | INFO | Message received from author: Eve
2025-09-10 01:35:36 | INFO | Updated author counts: {'Eve': 1598, 'Alice': 2252, 'Charlie': 1412, 'Diana': 2532, 'Bob': 1596}
2025-09-10 01:35:37 | INFO | Sent message to topic 'buzzline_json': {'message': 'Buzz messages for everyone.', 'author': 'Diana'}
2025-09-10 01:35:37 | INFO | Processed JSON message: {'message': 'Buzz messages for everyone.', 'author': 'Diana'}
2025-09-10 01:35:37 | INFO | Message received from author: Diana
2025-09-10 01:35:37 | INFO | Updated author counts: {'Eve': 1598, 'Alice': 2252, 'Charlie': 1412, 'Diana': 2533, 'Bob': 1596}
2025-09-10 01:35:38 | INFO | Sent message to topic 'buzzline_json': {'message': 'This is a buzz message.', 'author': 'Charlie'}
2025-09-10 01:35:38 | INFO | Processed JSON message: {'message': 'This is a buzz message.', 'author': 'Charlie'}
2025-09-10 01:35:38 | INFO | Message received from author: Charlie
2025-09-10 01:35:38 | INFO | Updated author counts: {'Eve': 1598, 'Alice': 2252, 'Charlie': 1413, 'Diana': 2533, 'Bob': 1596}
2025-09-10 01:35:38 | INFO | Sent message to topic 'smoker_csv': {'timestamp': '2025-09-10T06:35:38.896548', 'temperature': 142.2}
2025-09-10 01:35:38 | INFO | Processed JSON message: {'timestamp': '2025-09-10T06:35:38.896548', 'temperature': 142.2}
2025-09-10 01:35:38 | INFO | Rolling window size: 10
2025-09-10 01:35:38 | INFO | Max stall temperature range: 0.2 F
2025-09-10 01:35:39 | INFO | Sent message to topic 'buzzline_json': {'message': 'Distributed systems are fascinating.', 'author': 'Charlie'}
2025-09-10 01:35:39 | INFO | Processed JSON message: {'message': 'Distributed systems are fascinating.', 'author': 'Charlie'}
2025-09-10 01:35:39 | INFO | Message received from author: Charlie
2025-09-10 01:35:39 | INFO | Updated author counts: {'Eve': 1598, 'Alice': 2252, 'Charlie': 1414, 'Diana': 2533, 'Bob': 1596}
2025-09-10 01:35:40 | INFO | Sent message to topic 'buzzline_json': {'message': 'Buzz messages for everyone.', 'author': 'Bob'}
2025-09-10 01:35:40 | INFO | Processed JSON message: {'message': 'Buzz messages for everyone.', 'author': 'Bob'}
2025-09-10 01:35:40 | INFO | Message received from author: Bob
2025-09-10 01:35:40 | INFO | Updated author counts: {'Eve': 1598, 'Alice': 2252, 'Charlie': 1414, 'Diana': 2533, 'Bob': 1597}
2025-09-10 01:35:41 | INFO | Sent message to topic 'buzzline_json': {'message': 'This is a buzz message.', 'author': 'Eve'}
2025-09-10 01:35:41 | INFO | Processed JSON message: {'message': 'This is a buzz message.', 'author': 'Eve'}
2025-09-10 01:35:41 | INFO | Message received from author: Eve
2025-09-10 01:35:41 | INFO | Updated author counts: {'Eve': 1599, 'Alice': 2252, 'Charlie': 1414, 'Diana': 2533, 'Bob': 1597}
2025-09-10 01:35:42 | INFO | Sent message to topic 'buzzline_json': {'message': 'Data engineering is my passion.', 'author': 'Diana'}
2025-09-10 01:35:42 | INFO | Processed JSON message: {'message': 'Data engineering is my passion.', 'author': 'Diana'}
2025-09-10 01:35:42 | INFO | Message received from author: Diana
2025-09-10 01:35:42 | INFO | Updated author counts: {'Eve': 1599, 'Alice': 2252, 'Charlie': 1414, 'Diana': 2534, 'Bob': 1597}
2025-09-10 01:35:43 | INFO | Sent message to topic 'buzzline_json': {'message': 'Data engineering is my passion.', 'author': 'Alice'}
2025-09-10 01:35:43 | INFO | Processed JSON message: {'message': 'Data engineering is my passion.', 'author': 'Alice'}
2025-09-10 01:35:43 | INFO | Message received from author: Alice
2025-09-10 01:35:43 | INFO | Updated author counts: {'Eve': 1599, 'Alice': 2253, 'Charlie': 1414, 'Diana': 2534, 'Bob': 1597}
2025-09-10 01:35:43 | INFO | Sent message to topic 'smoker_csv': {'timestamp': '2025-09-10T06:35:43.898113', 'temperature': 142.0}
2025-09-10 01:35:43 | INFO | Processed JSON message: {'timestamp': '2025-09-10T06:35:43.898113', 'temperature': 142.0}
2025-09-10 01:35:43 | INFO | Rolling window size: 10
2025-09-10 01:35:43 | INFO | Max stall temperature range: 0.2 F
2025-09-10 01:35:44 | INFO | Sent message to topic 'buzzline_json': {'message': 'Buzz messages for everyone.', 'author': 'Diana'}
2025-09-10 01:35:44 | INFO | Processed JSON message: {'message': 'Buzz messages for everyone.', 'author': 'Diana'}
2025-09-10 01:35:44 | INFO | Message received from author: Diana
2025-09-10 01:35:44 | INFO | Updated author counts: {'Eve': 1599, 'Alice': 2253, 'Charlie': 1414, 'Diana': 2535, 'Bob': 1597}
2025-09-10 01:35:45 | INFO | Sent message to topic 'buzzline_json': {'message': 'JSON makes life easier.', 'author': 'Alice'}
2025-09-10 01:35:45 | INFO | Processed JSON message: {'message': 'JSON makes life easier.', 'author': 'Alice'}
2025-09-10 01:35:45 | INFO | Message received from author: Alice
2025-09-10 01:35:45 | INFO | Updated author counts: {'Eve': 1599, 'Alice': 2254, 'Charlie': 1414, 'Diana': 2535, 'Bob': 1597}
2025-09-10 01:35:46 | INFO | Opening data file in read mode: PROJECT_ROOT/data/buzz.json
2025-09-10 01:35:46 | INFO | Reading data from file: PROJECT_ROOT/data/buzz.json
2025-09-10 01:35:46 | INFO | Sent message to topic 'buzzline_json': {'message': 'Data engineering is my passion.', 'author': 'Eve'}
2025-09-10 01:35:46 | INFO | Processed JSON message: {'message': 'Data engineering is my passion.', 'author': 'Eve'}
2025-09-10 01:35:46 | INFO | Message received from author: Eve
2025-09-10 01:35:46 | INFO | Updated author counts: {'Eve': 1600, 'Alice': 2254, 'Charlie': 1414, 'Diana': 2535, 'Bob': 1597}
2025-09-10 01:35:47 | INFO | Sent message to topic 'buzzline_json': {'message': 'Distributed systems are fascinating.', 'author': 'Alice'}
2025-09-10 01:35:47 | INFO | Processed JSON message: {'message': 'Distributed systems are fascinating.', 'author': 'Alice'}
2025-09-10 01:35:47 | INFO | Message received from author: Alice
2025-09-10 01:35:47 | INFO | Updated author counts: {'Eve': 1600, 'Alice': 2255, 'Charlie': 1414, 'Diana': 2535, 'Bob': 1597}
2025-09-10 01:35:48 | INFO | Sent message to topic 'buzzline_json': {'message': 'Have a great day!', 'author': 'Charlie'}
2025-09-10 01:35:48 | INFO | Processed JSON message: {'message': 'Have a great day!', 'author': 'Charlie'}
2025-09-10 01:35:48 | INFO | Message received from author: Charlie
2025-09-10 01:35:48 | INFO | Updated author counts: {'Eve': 1600, 'Alice': 2255, 'Charlie': 1415, 'Diana': 2535, 'Bob': 1597}
2025-09-10 01:35:48 | INFO | Sent message to topic 'smoker_csv': {'timestamp': '2025-09-10T06:35:48.899224', 'temperature': 142.2}
2025-09-10 01:35:48 | INFO | Processed JSON message: {'timestamp': '2025-09-10T06:35:48.899224', 'temperature': 142.2}
2025-09-10 01:35:48 | INFO | Rolling window size: 10
2025-09-10 01:35:48 | INFO | Max stall temperature range: 0.2 F
2025-09-10 01:35:49 | INFO | Sent message to topic 'buzzline_json': {'message': 'Data engineering is my passion.', 'author': 'Alice'}
2025-09-10 01:35:49 | INFO | Processed JSON message: {'message': 'Data engineering is my passion.', 'author': 'Alice'}
2025-09-10 01:35:49 | INFO | Message received from author: Alice
2025-09-10 01:35:49 | INFO | Updated author counts: {'Eve': 1600, 'Alice': 2256, 'Charlie': 1415, 'Diana': 2535, 'Bob': 1597}
2025-09-10 01:35:50 | INFO | Sent message to topic 'buzzline_json': {'message': 'Distributed systems are fascinating.', 'author': 'Diana'}
2025-09-10 01:35:50 | INFO | Processed JSON message: {'message': 'Distributed systems are fascinating.', 'author': 'Diana'}
2025-09-10 01:35:50 | INFO | Message received from author: Diana
2025-09-10 01:35:50 | INFO | Updated author counts: {'Eve': 1600, 'Alice': 2256, 'Charlie': 1415, 'Diana': 2536, 'Bob': 1597}
2025-09-10 01:35:51 | INFO | Sent message to topic 'buzzline_json': {'message': 'Buzz messages for everyone.', 'author': 'Alice'}
2025-09-10 01:35:51 | INFO | Processed JSON message: {'message': 'Buzz messages for everyone.', 'author': 'Alice'}
2025-09-10 01:35:51 | INFO | Message received from author: Alice
2025-09-10 01:35:51 | INFO | Updated author counts: {'Eve': 1600, 'Alice': 2257, 'Charlie': 1415, 'Diana': 2536, 'Bob': 1597}
2025-09-10 01:35:52 | INFO | Sent message to topic 'buzzline_json': {'message': 'Hello, Kafka world!', 'author': 'Diana'}
2025-09-10 01:35:52 | INFO | Processed JSON message: {'message': 'Hello, Kafka world!', 'author': 'Diana'}
2025-09-10 01:35:52 | INFO | Message received from author: Diana
2025-09-10 01:35:52 | INFO | Updated author counts: {'Eve': 1600, 'Alice': 2257, 'Charlie': 1415, 'Diana': 2537, 'Bob': 1597}
2025-09-10 01:35:53 | INFO | Sent message to topic 'buzzline_json': {'message': 'This is a buzz message.', 'author': 'Eve'}
2025-09-10 01:35:53 | INFO | Processed JSON message: {'message': 'This is a buzz message.', 'author': 'Eve'}
2025-09-10 01:35:53 | INFO | Message received from author: Eve
2025-09-10 01:35:53 | INFO | Updated author counts: {'Eve': 1601, 'Alice': 2257, 'Charlie': 1415, 'Diana': 2537, 'Bob': 1597}
2025-09-10 01:35:53 | INFO | Sent message to topic 'smoker_csv': {'timestamp': '2025-09-10T06:35:53.900247', 'temperature': 142.0}
2025-09-10 01:35:53 | INFO | Processed JSON message: {'timestamp': '2025-09-10T06:35:53.900247', 'temperature': 142.0}
2025-09-10 01:35:53 | INFO | Rolling window size: 10
2025-09-10 01:35:53 | INFO | Max stall temperature range: 0.2 F
2025-09-10 01:35:54 | INFO | Sent message to topic 'buzzline_json': {'message': 'JSON makes life easier.', 'author': 'Eve'}
2025-09-10 01:35:54 | INFO | Processed JSON message: {'message': 'JSON makes life easier.', 'author': 'Eve'}
2025-09-10 01:35:54 | INFO | Message received from author: Eve
2025-09-10 01:35:54 | INFO | Updated author counts: {'Eve': 1602, 'Alice': 2257, 'Charlie': 1415, 'Diana': 2537, 'Bob': 1597}
2025-09-10 01:35:55 | INFO | Sent message to topic 'buzzline_json': {'message': 'JSON makes life easier.', 'author': 'Alice'}
2025-09-10 01:35:55 | INFO | Processed JSON message: {'message': 'JSON makes life easier.', 'author': 'Alice'}
2025-09-10 01:35:55 | INFO | Message received from author: Alice
2025-09-10 01:35:55 | INFO | Updated author counts: {'Eve': 1602, 'Alice': 2258, 'Charlie': 1415, 'Diana': 2537, 'Bob': 1597}
2025-09-10 01:35:56 | INFO | Sent message to topic 'buzzline_json': {'message': 'Data engineering is my passion.', 'author': 'Diana'}
2025-09-10 01:35:56 | INFO | Processed JSON message: {'message': 'Data engineering is my passion.', 'author': 'Diana'}
2025-09-10 01:35:56 | INFO | Message received from author: Diana
2025-09-10 01:35:56 | INFO | Updated author counts: {'Eve': 1602, 'Alice': 2258, 'Charlie': 1415, 'Diana': 2538, 'Bob': 1597}
2025-09-10 01:35:57 | INFO | Sent message to topic 'buzzline_json': {'message': 'JSON makes life easier.', 'author': 'Diana'}
2025-09-10 01:35:57 | INFO | Processed JSON message: {'message': 'JSON makes life easier.', 'author': 'Diana'}
2025-09-10 01:35:57 | INFO | Message received from author: Diana
2025-09-10 01:35:57 | INFO | Updated author counts: {'Eve': 1602, 'Alice': 2258, 'Charlie': 1415, 'Diana': 2539, 'Bob': 1597}
2025-09-10 01:35:58 | INFO | Sent message to topic 'buzzline_json': {'message': 'Kafka is awesome.', 'author': 'Charlie'}
2025-09-10 01:35:58 | INFO | Processed JSON message: {'message': 'Kafka is awesome.', 'author': 'Charlie'}
2025-09-10 01:35:58 | INFO | Message received from author: Charlie
2025-09-10 01:35:58 | INFO | Updated author counts: {'Eve': 1602, 'Alice': 2258, 'Charlie': 1416, 'Diana': 2539, 'Bob': 1597}
2025-09-10 01:35:58 | INFO | Sent message to topic 'smoker_csv': {'timestamp': '2025-09-10T06:35:58.901725', 'temperature': 142.2}
2025-09-10 01:35:58 | INFO | Processed JSON message: {'timestamp': '2025-09-10T06:35:58.901725', 'temperature': 142.2}
2025-09-10 01:35:58 | INFO | Rolling window size: 10
2025-09-10 01:35:58 | INFO | Max stall temperature range: 0.2 F
2025-09-10 01:35:58 | INFO | STALL DETECTED at 2025-09-10T06:35:58.901725: Temp stable at 142.2°F over last 10 readings.
2025-09-10 01:35:59 | INFO | Sent message to topic 'buzzline_json': {'message': 'JSON makes life easier.', 'author': 'Bob'}
2025-09-10 01:35:59 | INFO | Processed JSON message: {'message': 'JSON makes life easier.', 'author': 'Bob'}
2025-09-10 01:35:59 | INFO | Message received from author: Bob
2025-09-10 01:35:59 | INFO | Updated author counts: {'Eve': 1602, 'Alice': 2258, 'Charlie': 1416, 'Diana': 2539, 'Bob': 1598}
2025-09-10 01:36:00 | INFO | Sent message to topic 'buzzline_json': {'message': 'I love Python!', 'author': 'Bob'}
2025-09-10 01:36:00 | INFO | Processed JSON message: {'message': 'I love Python!', 'author': 'Bob'}
2025-09-10 01:36:00 | INFO | Message received from author: Bob
2025-09-10 01:36:00 | INFO | Updated author counts: {'Eve': 1602, 'Alice': 2258, 'Charlie': 1416, 'Diana': 2539, 'Bob': 1599}
2025-09-10 01:36:01 | INFO | Sent message to topic 'buzzline_json': {'message': 'This is a buzz message.', 'author': 'Eve'}
2025-09-10 01:36:01 | INFO | Processed JSON message: {'message': 'This is a buzz message.', 'author': 'Eve'}
2025-09-10 01:36:01 | INFO | Message received from author: Eve
2025-09-10 01:36:01 | INFO | Updated author counts: {'Eve': 1603, 'Alice': 2258, 'Charlie': 1416, 'Diana': 2539, 'Bob': 1599}
2025-09-10 01:36:02 | INFO | Sent message to topic 'buzzline_json': {'message': 'I love Python!', 'author': 'Eve'}
2025-09-10 01:36:02 | INFO | Processed JSON message: {'message': 'I love Python!', 'author': 'Eve'}
2025-09-10 01:36:02 | INFO | Message received from author: Eve
2025-09-10 01:36:02 | INFO | Updated author counts: {'Eve': 1604, 'Alice': 2258, 'Charlie': 1416, 'Diana': 2539, 'Bob': 1599}
2025-09-10 01:36:03 | INFO | Sent message to topic 'buzzline_json': {'message': 'Buzz messages for everyone.', 'author': 'Alice'}
2025-09-10 01:36:03 | INFO | Processed JSON message: {'message': 'Buzz messages for everyone.', 'author': 'Alice'}
2025-09-10 01:36:03 | INFO | Message received from author: Alice
2025-09-10 01:36:03 | INFO | Updated author counts: {'Eve': 1604, 'Alice': 2259, 'Charlie': 1416, 'Diana': 2539, 'Bob': 1599}
2025-09-10 01:36:03 | INFO | Sent message to topic 'smoker_csv': {'timestamp': '2025-09-10T06:36:03.903145', 'temperature': 142.0}
2025-09-10 01:36:03 | INFO | Processed JSON message: {'timestamp': '2025-09-10T06:36:03.903145', 'temperature': 142.0}
2025-09-10 01:36:03 | INFO | Rolling window size: 10
2025-09-10 01:36:03 | INFO | Max stall temperature range: 0.2 F
2025-09-10 01:36:03 | INFO | STALL DETECTED at 2025-09-10T06:36:03.903145: Temp stable at 142.0°F over last 10 readings.
2025-09-10 01:36:04 | INFO | Sent message to topic 'buzzline_json': {'message': 'This is a buzz message.', 'author': 'Alice'}
2025-09-10 01:36:04 | INFO | Processed JSON message: {'message': 'This is a buzz message.', 'author': 'Alice'}
2025-09-10 01:36:04 | INFO | Message received from author: Alice
2025-09-10 01:36:04 | INFO | Updated author counts: {'Eve': 1604, 'Alice': 2260, 'Charlie': 1416, 'Diana': 2539, 'Bob': 1599}
2025-09-10 01:36:05 | INFO | Sent message to topic 'buzzline_json': {'message': 'Data engineering is my passion.', 'author': 'Diana'}
2025-09-10 01:36:05 | INFO | Processed JSON message: {'message': 'Data engineering is my passion.', 'author': 'Diana'}
2025-09-10 01:36:05 | INFO | Message received from author: Diana
2025-09-10 01:36:05 | INFO | Updated author counts: {'Eve': 1604, 'Alice': 2260, 'Charlie': 1416, 'Diana': 2540, 'Bob': 1599}
2025-09-10 01:36:06 | INFO | Sent message to topic 'buzzline_json': {'message': 'I love Python!', 'author': 'Eve'}
2025-09-10 01:36:06 | INFO | Processed JSON message: {'message': 'I love Python!', 'author': 'Eve'}
2025-09-10 01:36:06 | INFO | Message received from author: Eve
2025-09-10 01:36:06 | INFO | Updated author counts: {'Eve': 1605, 'Alice': 2260, 'Charlie': 1416, 'Diana': 2540, 'Bob': 1599}
2025-09-10 01:36:07 | INFO | Sent message to topic 'buzzline_json': {'message': 'JSON makes life easier.', 'author': 'Charlie'}
2025-09-10 01:36:07 | INFO | Processed JSON message: {'message': 'JSON makes life easier.', 'author': 'Charlie'}
2025-09-10 01:36:07 | INFO | Message received from author: Charlie
2025-09-10 01:36:07 | INFO | Updated author counts: {'Eve': 1605, 'Alice': 2260, 'Charlie': 1417, 'Diana': 2540, 'Bob': 1599}
2025-09-10 01:36:08 | INFO | Sent message to topic 'buzzline_json': {'message': 'Have a great day!', 'author': 'Bob'}
2025-09-10 01:36:08 | INFO | Processed JSON message: {'message': 'Have a great day!', 'author': 'Bob'}
2025-09-10 01:36:08 | INFO | Message received from author: Bob
2025-09-10 01:36:08 | INFO | Updated author counts: {'Eve': 1605, 'Alice': 2260, 'Charlie': 1417, 'Diana': 2540, 'Bob': 1600}
2025-09-10 01:36:08 | INFO | Sent message to topic 'smoker_csv': {'timestamp': '2025-09-10T06:36:08.904310', 'temperature': 142.2}
2025-09-10 01:36:08 | INFO | Processed JSON message: {'timestamp': '2025-09-10T06:36:08.904310', 'temperature': 142.2}
2025-09-10 01:36:08 | INFO | Rolling window size: 10
2025-09-10 01:36:08 | INFO | Max stall temperature range: 0.2 F
2025-09-10 01:36:08 | INFO | STALL DETECTED at 2025-09-10T06:36:08.904310: Temp stable at 142.2°F over last 10 readings.
2025-09-10 01:36:09 | INFO | Sent message to topic 'buzzline_json': {'message': 'Data engineering is my passion.', 'author': 'Alice'}
2025-09-10 01:36:09 | INFO | Processed JSON message: {'message': 'Data engineering is my passion.', 'author': 'Alice'}
2025-09-10 01:36:09 | INFO | Message received from author: Alice
2025-09-10 01:36:09 | INFO | Updated author counts: {'Eve': 1605, 'Alice': 2261, 'Charlie': 1417, 'Diana': 2540, 'Bob': 1600}
2025-09-10 01:36:10 | INFO | Sent message to topic 'buzzline_json': {'message': 'Kafka is awesome.', 'author': 'Diana'}
2025-09-10 01:36:10 | INFO | Processed JSON message: {'message': 'Kafka is awesome.', 'author': 'Diana'}
2025-09-10 01:36:10 | INFO | Message received from author: Diana
2025-09-10 01:36:10 | INFO | Updated author counts: {'Eve': 1605, 'Alice': 2261, 'Charlie': 1417, 'Diana': 2541, 'Bob': 1600}
2025-09-10 01:36:11 | INFO | Sent message to topic 'buzzline_json': {'message': 'Kafka is awesome.', 'author': 'Diana'}
2025-09-10 01:36:11 | INFO | Processed JSON message: {'message': 'Kafka is awesome.', 'author': 'Diana'}
2025-09-10 01:36:11 | INFO | Message received from author: Diana
2025-09-10 01:36:11 | INFO | Updated author counts: {'Eve': 1605, 'Alice': 2261, 'Charlie': 1417, 'Diana': 2542, 'Bob': 1600}
2025-09-10 01:36:12 | INFO | Sent message to topic 'buzzline_json': {'message': 'Hello, Kafka world!', 'author': 'Bob'}
2025-09-10 01:36:12 | INFO | Processed JSON message: {'message': 'Hello, Kafka world!', 'author': 'Bob'}
2025-09-10 01:36:12 | INFO | Message received from author: Bob
2025-09-10 01:36:12 | INFO | Updated author counts: {'Eve': 1605, 'Alice': 2261, 'Charlie': 1417, 'Diana': 2542, 'Bob': 1601}
2025-09-10 01:36:13 | INFO | Sent message to topic 'buzzline_json': {'message': 'Distributed systems are fascinating.', 'author': 'Diana'}
2025-09-10 01:36:13 | INFO | Processed JSON message: {'message': 'Distributed systems are fascinating.', 'author': 'Diana'}
2025-09-10 01:36:13 | INFO | Message received from author: Diana
2025-09-10 01:36:13 | INFO | Updated author counts: {'Eve': 1605, 'Alice': 2261, 'Charlie': 1417, 'Diana': 2543, 'Bob': 1601}
2025-09-10 01:36:13 | INFO | Sent message to topic 'smoker_csv': {'timestamp': '2025-09-10T06:36:13.905621', 'temperature': 142.0}
2025-09-10 01:36:13 | INFO | Processed JSON message: {'timestamp': '2025-09-10T06:36:13.905621', 'temperature': 142.0}
2025-09-10 01:36:13 | INFO | Rolling window size: 10
2025-09-10 01:36:13 | INFO | Max stall temperature range: 0.2 F
2025-09-10 01:36:13 | INFO | STALL DETECTED at 2025-09-10T06:36:13.905621: Temp stable at 142.0°F over last 10 readings.
2025-09-10 01:36:14 | INFO | Sent message to topic 'buzzline_json': {'message': 'I love Python!', 'author': 'Diana'}
2025-09-10 01:36:14 | INFO | Processed JSON message: {'message': 'I love Python!', 'author': 'Diana'}
2025-09-10 01:36:14 | INFO | Message received from author: Diana
2025-09-10 01:36:14 | INFO | Updated author counts: {'Eve': 1605, 'Alice': 2261, 'Charlie': 1417, 'Diana': 2544, 'Bob': 1601}
2025-09-10 01:36:15 | INFO | Sent message to topic 'buzzline_json': {'message': 'Have a great day!', 'author': 'Alice'}
2025-09-10 01:36:15 | INFO | Processed JSON message: {'message': 'Have a great day!', 'author': 'Alice'}
2025-09-10 01:36:15 | INFO | Message received from author: Alice
2025-09-10 01:36:15 | INFO | Updated author counts: {'Eve': 1605, 'Alice': 2262, 'Charlie': 1417, 'Diana': 2544, 'Bob': 1601}
2025-09-10 01:36:16 | INFO | Sent message to topic 'buzzline_json': {'message': 'Hello, Kafka world!', 'author': 'Charlie'}
2025-09-10 01:36:16 | INFO | Processed JSON message: {'message': 'Hello, Kafka world!', 'author': 'Charlie'}
2025-09-10 01:36:16 | INFO | Message received from author: Charlie
2025-09-10 01:36:16 | INFO | Updated author counts: {'Eve': 1605, 'Alice': 2262, 'Charlie': 1418, 'Diana': 2544, 'Bob': 1601}
2025-09-10 01:36:17 | INFO | Sent message to topic 'buzzline_json': {'message': 'JSON makes life easier.', 'author': 'Diana'}
2025-09-10 01:36:17 | INFO | Processed JSON message: {'message': 'JSON makes life easier.', 'author': 'Diana'}
2025-09-10 01:36:17 | INFO | Message received from author: Diana
2025-09-10 01:36:17 | INFO | Updated author counts: {'Eve': 1605, 'Alice': 2262, 'Charlie': 1418, 'Diana': 2545, 'Bob': 1601}
2025-09-10 01:36:18 | INFO | Sent message to topic 'buzzline_json': {'message': 'I love Python!', 'author': 'Bob'}
2025-09-10 01:36:18 | INFO | Processed JSON message: {'message': 'I love Python!', 'author': 'Bob'}
2025-09-10 01:36:18 | INFO | Message received from author: Bob
2025-09-10 01:36:18 | INFO | Updated author counts: {'Eve': 1605, 'Alice': 2262, 'Charlie': 1418, 'Diana': 2545, 'Bob': 1602}
2025-09-10 01:36:18 | INFO | Sent message to topic 'smoker_csv': {'timestamp': '2025-09-10T06:36:18.906727', 'temperature': 142.2}
2025-09-10 01:36:18 | INFO | Processed JSON message: {'timestamp': '2025-09-10T06:36:18.906727', 'temperature': 142.2}
2025-09-10 01:36:18 | INFO | Rolling window size: 10
2025-09-10 01:36:18 | INFO | Max stall temperature range: 0.2 F
2025-09-10 01:36:18 | INFO | STALL DETECTED at 2025-09-10T06:36:18.906727: Temp stable at 142.2°F over last 10 readings.
2025-09-10 01:36:19 | INFO | Sent message to topic 'buzzline_json': {'message': 'Have a great day!', 'author': 'Diana'}
2025-09-10 01:36:19 | INFO | Processed JSON message: {'message': 'Have a great day!', 'author': 'Diana'}
2025-09-10 01:36:19 | INFO | Message received from author: Diana
2025-09-10 01:36:19 | INFO | Updated author counts: {'Eve': 1605, 'Alice': 2262, 'Charlie': 1418, 'Diana': 2546, 'Bob': 1602}
2025-09-10 01:36:20 | INFO | Sent message to topic 'buzzline_json': {'message': 'Hello, Kafka world!', 'author': 'Alice'}
2025-09-10 01:36:20 | INFO | Processed JSON message: {'message': 'Hello, Kafka world!', 'author': 'Alice'}
2025-09-10 01:36:20 | INFO | Message received from author: Alice
2025-09-10 01:36:20 | INFO | Updated author counts: {'Eve': 1605, 'Alice': 2263, 'Charlie': 1418, 'Diana': 2546, 'Bob': 1602}
2025-09-10 01:36:21 | INFO | Sent message to topic 'buzzline_json': {'message': 'JSON makes life easier.', 'author': 'Alice'}
2025-09-10 01:36:21 | INFO | Processed JSON message: {'message': 'JSON makes life easier.', 'author': 'Alice'}
2025-09-10 01:36:21 | INFO | Message received from author: Alice
2025-09-10 01:36:21 | INFO | Updated author counts: {'Eve': 1605, 'Alice': 2264, 'Charlie': 1418, 'Diana': 2546, 'Bob': 1602}
2025-09-10 01:36:22 | INFO | Sent message to topic 'buzzline_json': {'message': 'Buzz messages for everyone.', 'author': 'Charlie'}
2025-09-10 01:36:22 | INFO | Processed JSON message: {'message': 'Buzz messages for everyone.', 'author': 'Charlie'}
2025-09-10 01:36:22 | INFO | Message received from author: Charlie
2025-09-10 01:36:22 | INFO | Updated author counts: {'Eve': 1605, 'Alice': 2264, 'Charlie': 1419, 'Diana': 2546, 'Bob': 1602}
2025-09-10 01:36:23 | INFO | Sent message to topic 'buzzline_json': {'message': 'Buzz messages for everyone.', 'author': 'Bob'}
2025-09-10 01:36:23 | INFO | Processed JSON message: {'message': 'Buzz messages for everyone.', 'author': 'Bob'}
2025-09-10 01:36:23 | INFO | Message received from author: Bob
2025-09-10 01:36:23 | INFO | Updated author counts: {'Eve': 1605, 'Alice': 2264, 'Charlie': 1419, 'Diana': 2546, 'Bob': 1603}
2025-09-10 01:36:23 | INFO | Sent message to topic 'smoker_csv': {'timestamp': '2025-09-10T06:36:23.909055', 'temperature': 142.0}
2025-09-10 01:36:23 | INFO | Processed JSON message: {'timestamp': '2025-09-10T06:36:23.909055', 'temperature': 142.0}
2025-09-10 01:36:23 | INFO | Rolling window size: 10
2025-09-10 01:36:23 | INFO | Max stall temperature range: 0.2 F
2025-09-10 01:36:23 | INFO | STALL DETECTED at 2025-09-10T06:36:23.909055: Temp stable at 142.0°F over last 10 readings.
2025-09-10 01:36:24 | INFO | Sent message to topic 'buzzline_json': {'message': 'Streaming data is fun.', 'author': 'Diana'}
2025-09-10 01:36:24 | INFO | Processed JSON message: {'message': 'Streaming data is fun.', 'author': 'Diana'}
2025-09-10 01:36:24 | INFO | Message received from author: Diana
2025-09-10 01:36:24 | INFO | Updated author counts: {'Eve': 1605, 'Alice': 2264, 'Charlie': 1419, 'Diana': 2547, 'Bob': 1603}
2025-09-10 01:36:25 | INFO | Sent message to topic 'buzzline_json': {'message': 'Have a great day!', 'author': 'Diana'}
2025-09-10 01:36:25 | INFO | Processed JSON message: {'message': 'Have a great day!', 'author': 'Diana'}
2025-09-10 01:36:25 | INFO | Message received from author: Diana
2025-09-10 01:36:25 | INFO | Updated author counts: {'Eve': 1605, 'Alice': 2264, 'Charlie': 1419, 'Diana': 2548, 'Bob': 1603}
2025-09-10 01:36:26 | INFO | Sent message to topic 'buzzline_json': {'message': 'I love Python!', 'author': 'Alice'}
2025-09-10 01:36:26 | INFO | Processed JSON message: {'message': 'I love Python!', 'author': 'Alice'}
2025-09-10 01:36:26 | INFO | Message received from author: Alice
2025-09-10 01:36:26 | INFO | Updated author counts: {'Eve': 1605, 'Alice': 2265, 'Charlie': 1419, 'Diana': 2548, 'Bob': 1603}
2025-09-10 01:36:27 | INFO | Sent message to topic 'buzzline_json': {'message': 'Streaming data is fun.', 'author': 'Charlie'}
2025-09-10 01:36:27 | INFO | Processed JSON message: {'message': 'Streaming data is fun.', 'author': 'Charlie'}
2025-09-10 01:36:27 | INFO | Message received from author: Charlie
2025-09-10 01:36:27 | INFO | Updated author counts: {'Eve': 1605, 'Alice': 2265, 'Charlie': 1420, 'Diana': 2548, 'Bob': 1603}
2025-09-10 01:36:28 | INFO | Sent message to topic 'buzzline_json': {'message': 'Kafka is awesome.', 'author': 'Alice'}
2025-09-10 01:36:28 | INFO | Processed JSON message: {'message': 'Kafka is awesome.', 'author': 'Alice'}
2025-09-10 01:36:28 | INFO | Message received from author: Alice
2025-09-10 01:36:28 | INFO | Updated author counts: {'Eve': 1605, 'Alice': 2266, 'Charlie': 1420, 'Diana': 2548, 'Bob': 1603}
2025-09-10 01:36:28 | INFO | Sent message to topic 'smoker_csv': {'timestamp': '2025-09-10T06:36:28.910499', 'temperature': 142.2}
2025-09-10 01:36:28 | INFO | Processed JSON message: {'timestamp': '2025-09-10T06:36:28.910499', 'temperature': 142.2}
2025-09-10 01:36:28 | INFO | Rolling window size: 10
2025-09-10 01:36:28 | INFO | Max stall temperature range: 0.2 F
2025-09-10 01:36:28 | INFO | STALL DETECTED at 2025-09-10T06:36:28.910499: Temp stable at 142.2°F over last 10 readings.
2025-09-10 01:36:29 | INFO | Sent message to topic 'buzzline_json': {'message': 'Kafka is awesome.', 'author': 'Diana'}
2025-09-10 01:36:29 | INFO | Processed JSON message: {'message': 'Kafka is awesome.', 'author': 'Diana'}
2025-09-10 01:36:29 | INFO | Message received from author: Diana
2025-09-10 01:36:29 | INFO | Updated author counts: {'Eve': 1605, 'Alice': 2266, 'Charlie': 1420, 'Diana': 2549, 'Bob': 1603}
2025-09-10 01:36:30 | INFO | Sent message to topic 'buzzline_json': {'message': 'Kafka is awesome.', 'author': 'Alice'}
2025-09-10 01:36:30 | INFO | Processed JSON message: {'message': 'Kafka is awesome.', 'author': 'Alice'}
2025-09-10 01:36:30 | INFO | Message received from author: Alice
2025-09-10 01:36:30 | INFO | Updated author counts: {'Eve': 1605, 'Alice': 2267, 'Charlie': 1420, 'Diana': 2549, 'Bob': 1603}
2025-09-10 01:36:31 | INFO | Sent message to topic 'buzzline_json': {'message': 'JSON makes life easier.', 'author': 'Bob'}
2025-09-10 01:36:31 | INFO | Processed JSON message: {'message': 'JSON makes life easier.', 'author': 'Bob'}
2025-09-10 01:36:31 | INFO | Message received from author: Bob
2025-09-10 01:36:31 | INFO | Updated author counts: {'Eve': 1605, 'Alice': 2267, 'Charlie': 1420, 'Diana': 2549, 'Bob': 1604}
2025-09-10 01:36:32 | INFO | Sent message to topic 'buzzline_json': {'message': 'This is a buzz message.', 'author': 'Bob'}
2025-09-10 01:36:32 | INFO | Processed JSON message: {'message': 'This is a buzz message.', 'author': 'Bob'}
2025-09-10 01:36:32 | INFO | Message received from author: Bob
2025-09-10 01:36:32 | INFO | Updated author counts: {'Eve': 1605, 'Alice': 2267, 'Charlie': 1420, 'Diana': 2549, 'Bob': 1605}
2025-09-10 01:36:33 | INFO | Sent message to topic 'buzzline_json': {'message': 'Streaming data is fun.', 'author': 'Diana'}
2025-09-10 01:36:33 | INFO | Processed JSON message: {'message': 'Streaming data is fun.', 'author': 'Diana'}
2025-09-10 01:36:33 | INFO | Message received from author: Diana
2025-09-10 01:36:33 | INFO | Updated author counts: {'Eve': 1605, 'Alice': 2267, 'Charlie': 1420, 'Diana': 2550, 'Bob': 1605}
2025-09-10 01:36:33 | INFO | Sent message to topic 'smoker_csv': {'timestamp': '2025-09-10T06:36:33.911370', 'temperature': 142.0}
2025-09-10 01:36:33 | INFO | Processed JSON message: {'timestamp': '2025-09-10T06:36:33.911370', 'temperature': 142.0}
2025-09-10 01:36:33 | INFO | Rolling window size: 10
2025-09-10 01:36:33 | INFO | Max stall temperature range: 0.2 F
2025-09-10 01:36:33 | INFO | STALL DETECTED at 2025-09-10T06:36:33.911370: Temp stable at 142.0°F over last 10 readings.
2025-09-10 01:36:34 | INFO | Sent message to topic 'buzzline_json': {'message': 'Have a great day!', 'author': 'Bob'}
2025-09-10 01:36:34 | INFO | Processed JSON message: {'message': 'Have a great day!', 'author': 'Bob'}
2025-09-10 01:36:34 | INFO | Message received from author: Bob
2025-09-10 01:36:34 | INFO | Updated author counts: {'Eve': 1605, 'Alice': 2267, 'Charlie': 1420, 'Diana': 2550, 'Bob': 1606}
2025-09-10 01:36:35 | INFO | Sent message to topic 'buzzline_json': {'message': 'This is a buzz message.', 'author': 'Eve'}
2025-09-10 01:36:35 | INFO | Processed JSON message: {'message': 'This is a buzz message.', 'author': 'Eve'}
2025-09-10 01:36:35 | INFO | Message received from author: Eve
2025-09-10 01:36:35 | INFO | Updated author counts: {'Eve': 1606, 'Alice': 2267, 'Charlie': 1420, 'Diana': 2550, 'Bob': 1606}
2025-09-10 01:36:36 | INFO | Sent message to topic 'buzzline_json': {'message': 'Hello, Kafka world!', 'author': 'Bob'}
2025-09-10 01:36:36 | INFO | Processed JSON message: {'message': 'Hello, Kafka world!', 'author': 'Bob'}
2025-09-10 01:36:36 | INFO | Message received from author: Bob
2025-09-10 01:36:36 | INFO | Updated author counts: {'Eve': 1606, 'Alice': 2267, 'Charlie': 1420, 'Diana': 2550, 'Bob': 1607}
2025-09-10 01:36:37 | INFO | Sent message to topic 'buzzline_json': {'message': 'This is a buzz message.', 'author': 'Alice'}
2025-09-10 01:36:37 | INFO | Processed JSON message: {'message': 'This is a buzz message.', 'author': 'Alice'}
2025-09-10 01:36:37 | INFO | Message received from author: Alice
2025-09-10 01:36:37 | INFO | Updated author counts: {'Eve': 1606, 'Alice': 2268, 'Charlie': 1420, 'Diana': 2550, 'Bob': 1607}
2025-09-10 01:36:38 | INFO | Sent message to topic 'buzzline_json': {'message': 'Streaming data is fun.', 'author': 'Eve'}
2025-09-10 01:36:38 | INFO | Processed JSON message: {'message': 'Streaming data is fun.', 'author': 'Eve'}
2025-09-10 01:36:38 | INFO | Message received from author: Eve
2025-09-10 01:36:38 | INFO | Updated author counts: {'Eve': 1607, 'Alice': 2268, 'Charlie': 1420, 'Diana': 2550, 'Bob': 1607}
2025-09-10 01:36:38 | INFO | Sent message to topic 'smoker_csv': {'timestamp': '2025-09-10T06:36:38.912168', 'temperature': 142.2}
2025-09-10 01:36:38 | INFO | Processed JSON message: {'timestamp': '2025-09-10T06:36:38.912168', 'temperature': 142.2}
2025-09-10 01:36:38 | INFO | Rolling window size: 10
2025-09-10 01:36:38 | INFO | Max stall temperature range: 0.2 F
2025-09-10 01:36:38 | INFO | STALL DETECTED at 2025-09-10T06:36:38.912168: Temp stable at 142.2°F over last 10 readings.
2025-09-10 01:36:39 | INFO | Sent message to topic 'buzzline_json': {'message': 'Kafka is awesome.', 'author': 'Alice'}
2025-09-10 01:36:39 | INFO | Processed JSON message: {'message': 'Kafka is awesome.', 'author': 'Alice'}
2025-09-10 01:36:39 | INFO | Message received from author: Alice
2025-09-10 01:36:39 | INFO | Updated author counts: {'Eve': 1607, 'Alice': 2269, 'Charlie': 1420, 'Diana': 2550, 'Bob': 1607}
2025-09-10 01:36:40 | INFO | Sent message to topic 'buzzline_json': {'message': 'JSON makes life easier.', 'author': 'Bob'}
2025-09-10 01:36:40 | INFO | Processed JSON message: {'message': 'JSON makes life easier.', 'author': 'Bob'}
2025-09-10 01:36:40 | INFO | Message received from author: Bob
2025-09-10 01:36:40 | INFO | Updated author counts: {'Eve': 1607, 'Alice': 2269, 'Charlie': 1420, 'Diana': 2550, 'Bob': 1608}
2025-09-10 01:36:41 | INFO | Sent message to topic 'buzzline_json': {'message': 'This is a buzz message.', 'author': 'Charlie'}
2025-09-10 01:36:41 | INFO | Processed JSON message: {'message': 'This is a buzz message.', 'author': 'Charlie'}
2025-09-10 01:36:41 | INFO | Message received from author: Charlie
2025-09-10 01:36:41 | INFO | Updated author counts: {'Eve': 1607, 'Alice': 2269, 'Charlie': 1421, 'Diana': 2550, 'Bob': 1608}
2025-09-10 01:36:42 | INFO | Sent message to topic 'buzzline_json': {'message': 'Have a great day!', 'author': 'Diana'}
2025-09-10 01:36:42 | INFO | Processed JSON message: {'message': 'Have a great day!', 'author': 'Diana'}
2025-09-10 01:36:42 | INFO | Message received from author: Diana
2025-09-10 01:36:42 | INFO | Updated author counts: {'Eve': 1607, 'Alice': 2269, 'Charlie': 1421, 'Diana': 2551, 'Bob': 1608}
2025-09-10 01:36:43 | INFO | Sent message to topic 'buzzline_json': {'message': 'Distributed systems are fascinating.', 'author': 'Bob'}
2025-09-10 01:36:43 | INFO | Processed JSON message: {'message': 'Distributed systems are fascinating.', 'author': 'Bob'}
2025-09-10 01:36:43 | INFO | Message received from author: Bob
2025-09-10 01:36:43 | INFO | Updated author counts: {'Eve': 1607, 'Alice': 2269, 'Charlie': 1421, 'Diana': 2551, 'Bob': 1609}
2025-09-10 01:36:43 | INFO | Sent message to topic 'smoker_csv': {'timestamp': '2025-09-10T06:36:43.913429', 'temperature': 142.0}
2025-09-10 01:36:43 | INFO | Processed JSON message: {'timestamp': '2025-09-10T06:36:43.913429', 'temperature': 142.0}
2025-09-10 01:36:43 | INFO | Rolling window size: 10
2025-09-10 01:36:43 | INFO | Max stall temperature range: 0.2 F
2025-09-10 01:36:43 | INFO | STALL DETECTED at 2025-09-10T06:36:43.913429: Temp stable at 142.0°F over last 10 readings.
2025-09-10 01:36:44 | INFO | Sent message to topic 'buzzline_json': {'message': 'Kafka is awesome.', 'author': 'Alice'}
2025-09-10 01:36:44 | INFO | Processed JSON message: {'message': 'Kafka is awesome.', 'author': 'Alice'}
2025-09-10 01:36:44 | INFO | Message received from author: Alice
2025-09-10 01:36:44 | INFO | Updated author counts: {'Eve': 1607, 'Alice': 2270, 'Charlie': 1421, 'Diana': 2551, 'Bob': 1609}
2025-09-10 01:36:45 | INFO | Sent message to topic 'buzzline_json': {'message': 'Streaming data is fun.', 'author': 'Alice'}
2025-09-10 01:36:45 | INFO | Processed JSON message: {'message': 'Streaming data is fun.', 'author': 'Alice'}
2025-09-10 01:36:45 | INFO | Message received from author: Alice
2025-09-10 01:36:45 | INFO | Updated author counts: {'Eve': 1607, 'Alice': 2271, 'Charlie': 1421, 'Diana': 2551, 'Bob': 1609}
2025-09-10 01:36:46 | INFO | Sent message to topic 'buzzline_json': {'message': 'Have a great day!', 'author': 'Diana'}
2025-09-10 01:36:46 | INFO | Processed JSON message: {'message': 'Have a great day!', 'author': 'Diana'}
2025-09-10 01:36:46 | INFO | Message received from author: Diana
2025-09-10 01:36:46 | INFO | Updated author counts: {'Eve': 1607, 'Alice': 2271, 'Charlie': 1421, 'Diana': 2552, 'Bob': 1609}
2025-09-10 01:36:47 | INFO | Sent message to topic 'buzzline_json': {'message': 'Streaming data is fun.', 'author': 'Alice'}
2025-09-10 01:36:47 | INFO | Processed JSON message: {'message': 'Streaming data is fun.', 'author': 'Alice'}
2025-09-10 01:36:47 | INFO | Message received from author: Alice
2025-09-10 01:36:47 | INFO | Updated author counts: {'Eve': 1607, 'Alice': 2272, 'Charlie': 1421, 'Diana': 2552, 'Bob': 1609}
2025-09-10 01:36:48 | INFO | Sent message to topic 'buzzline_json': {'message': 'This is a buzz message.', 'author': 'Diana'}
2025-09-10 01:36:48 | INFO | Processed JSON message: {'message': 'This is a buzz message.', 'author': 'Diana'}
2025-09-10 01:36:48 | INFO | Message received from author: Diana
2025-09-10 01:36:48 | INFO | Updated author counts: {'Eve': 1607, 'Alice': 2272, 'Charlie': 1421, 'Diana': 2553, 'Bob': 1609}
2025-09-10 01:36:48 | INFO | Sent message to topic 'smoker_csv': {'timestamp': '2025-09-10T06:36:48.914667', 'temperature': 142.2}
2025-09-10 01:36:48 | INFO | Processed JSON message: {'timestamp': '2025-09-10T06:36:48.914667', 'temperature': 142.2}
2025-09-10 01:36:48 | INFO | Rolling window size: 10
2025-09-10 01:36:48 | INFO | Max stall temperature range: 0.2 F
2025-09-10 01:36:48 | INFO | STALL DETECTED at 2025-09-10T06:36:48.914667: Temp stable at 142.2°F over last 10 readings.
2025-09-10 01:36:49 | INFO | Sent message to topic 'buzzline_json': {'message': 'Data engineering is my passion.', 'author': 'Bob'}
2025-09-10 01:36:49 | INFO | Processed JSON message: {'message': 'Data engineering is my passion.', 'author': 'Bob'}
2025-09-10 01:36:49 | INFO | Message received from author: Bob
2025-09-10 01:36:49 | INFO | Updated author counts: {'Eve': 1607, 'Alice': 2272, 'Charlie': 1421, 'Diana': 2553, 'Bob': 1610}
2025-09-10 01:36:50 | INFO | Sent message to topic 'buzzline_json': {'message': 'Have a great day!', 'author': 'Diana'}
2025-09-10 01:36:50 | INFO | Processed JSON message: {'message': 'Have a great day!', 'author': 'Diana'}
2025-09-10 01:36:50 | INFO | Message received from author: Diana
2025-09-10 01:36:50 | INFO | Updated author counts: {'Eve': 1607, 'Alice': 2272, 'Charlie': 1421, 'Diana': 2554, 'Bob': 1610}
2025-09-10 01:36:51 | INFO | Sent message to topic 'buzzline_json': {'message': 'Kafka is awesome.', 'author': 'Alice'}
2025-09-10 01:36:51 | INFO | Processed JSON message: {'message': 'Kafka is awesome.', 'author': 'Alice'}
2025-09-10 01:36:51 | INFO | Message received from author: Alice
2025-09-10 01:36:51 | INFO | Updated author counts: {'Eve': 1607, 'Alice': 2273, 'Charlie': 1421, 'Diana': 2554, 'Bob': 1610}
2025-09-10 01:36:52 | INFO | Sent message to topic 'buzzline_json': {'message': 'Kafka is awesome.', 'author': 'Eve'}
2025-09-10 01:36:52 | INFO | Processed JSON message: {'message': 'Kafka is awesome.', 'author': 'Eve'}
2025-09-10 01:36:52 | INFO | Message received from author: Eve
2025-09-10 01:36:52 | INFO | Updated author counts: {'Eve': 1608, 'Alice': 2273, 'Charlie': 1421, 'Diana': 2554, 'Bob': 1610}
2025-09-10 01:36:53 | INFO | Sent message to topic 'buzzline_json': {'message': 'Have a great day!', 'author': 'Diana'}
2025-09-10 01:36:53 | INFO | Processed JSON message: {'message': 'Have a great day!', 'author': 'Diana'}
2025-09-10 01:36:53 | INFO | Message received from author: Diana
2025-09-10 01:36:53 | INFO | Updated author counts: {'Eve': 1608, 'Alice': 2273, 'Charlie': 1421, 'Diana': 2555, 'Bob': 1610}
2025-09-10 01:36:53 | INFO | Sent message to topic 'smoker_csv': {'timestamp': '2025-09-10T06:36:53.916000', 'temperature': 142.0}
2025-09-10 01:36:53 | INFO | Processed JSON message: {'timestamp': '2025-09-10T06:36:53.916000', 'temperature': 142.0}
2025-09-10 01:36:53 | INFO | Rolling window size: 10
2025-09-10 01:36:53 | INFO | Max stall temperature range: 0.2 F
2025-09-10 01:36:53 | INFO | STALL DETECTED at 2025-09-10T06:36:53.916000: Temp stable at 142.0°F over last 10 readings.
2025-09-10 01:36:54 | INFO | Sent message to topic 'buzzline_json': {'message': 'Buzz messages for everyone.', 'author': 'Charlie'}
2025-09-10 01:36:54 | INFO | Processed JSON message: {'message': 'Buzz messages for everyone.', 'author': 'Charlie'}
2025-09-10 01:36:54 | INFO | Message received from author: Charlie
2025-09-10 01:36:54 | INFO | Updated author counts: {'Eve': 1608, 'Alice': 2273, 'Charlie': 1422, 'Diana': 2555, 'Bob': 1610}
2025-09-10 01:36:55 | INFO | Sent message to topic 'buzzline_json': {'message': 'This is a buzz message.', 'author': 'Charlie'}
2025-09-10 01:36:55 | INFO | Processed JSON message: {'message': 'This is a buzz message.', 'author': 'Charlie'}
2025-09-10 01:36:55 | INFO | Message received from author: Charlie
2025-09-10 01:36:55 | INFO | Updated author counts: {'Eve': 1608, 'Alice': 2273, 'Charlie': 1423, 'Diana': 2555, 'Bob': 1610}
2025-09-10 01:36:56 | INFO | Sent message to topic 'buzzline_json': {'message': 'Streaming data is fun.', 'author': 'Alice'}
2025-09-10 01:36:56 | INFO | Processed JSON message: {'message': 'Streaming data is fun.', 'author': 'Alice'}
2025-09-10 01:36:56 | INFO | Message received from author: Alice
2025-09-10 01:36:56 | INFO | Updated author counts: {'Eve': 1608, 'Alice': 2274, 'Charlie': 1423, 'Diana': 2555, 'Bob': 1610}
2025-09-10 01:36:57 | INFO | Sent message to topic 'buzzline_json': {'message': 'Hello, Kafka world!', 'author': 'Diana'}
2025-09-10 01:36:57 | INFO | Processed JSON message: {'message': 'Hello, Kafka world!', 'author': 'Diana'}
2025-09-10 01:36:57 | INFO | Message received from author: Diana
2025-09-10 01:36:57 | INFO | Updated author counts: {'Eve': 1608, 'Alice': 2274, 'Charlie': 1423, 'Diana': 2556, 'Bob': 1610}
2025-09-10 01:36:58 | INFO | Sent message to topic 'buzzline_json': {'message': 'Kafka is awesome.', 'author': 'Bob'}
2025-09-10 01:36:58 | INFO | Processed JSON message: {'message': 'Kafka is awesome.', 'author': 'Bob'}
2025-09-10 01:36:58 | INFO | Message received from author: Bob
2025-09-10 01:36:58 | INFO | Updated author counts: {'Eve': 1608, 'Alice': 2274, 'Charlie': 1423, 'Diana': 2556, 'Bob': 1611}
2025-09-10 01:36:58 | INFO | Sent message to topic 'smoker_csv': {'timestamp': '2025-09-10T06:36:58.917362', 'temperature': 142.2}
2025-09-10 01:36:58 | INFO | Processed JSON message: {'timestamp': '2025-09-10T06:36:58.917362', 'temperature': 142.2}
2025-09-10 01:36:58 | INFO | Rolling window size: 10
2025-09-10 01:36:58 | INFO | Max stall temperature range: 0.2 F
2025-09-10 01:36:58 | INFO | STALL DETECTED at 2025-09-10T06:36:58.917362: Temp stable at 142.2°F over last 10 readings.
2025-09-10 01:36:59 | INFO | Sent message to topic 'buzzline_json': {'message': 'I love Python!', 'author': 'Eve'}
2025-09-10 01:36:59 | INFO | Processed JSON message: {'message': 'I love Python!', 'author': 'Eve'}
2025-09-10 01:36:59 | INFO | Message received from author: Eve
2025-09-10 01:36:59 | INFO | Updated author counts: {'Eve': 1609, 'Alice': 2274, 'Charlie': 1423, 'Diana': 2556, 'Bob': 1611}
2025-09-10 01:37:00 | INFO | Message received from author: Charlie
